<?xml version="1.0" encoding="UTF-8"?>
<html:html xml:base="http://localhost:8080/chiba-0.9.9/"
    xmlns:ev="http://www.w3.org/2001/xml-events"
    xmlns:html="http://www.w3.org/2002/06/xhtml2" 
    xmlns:xf="http://www.w3.org/2002/xforms">
    <html:head>
        <xf:model id="model_0">
            <xf:instance id="instance_0" xmlns="">
                <test-caractères>
                    <nonLatin1_œ/>
                </test-caractères>
            </xf:instance>
            <xf:bind id="bind_0" nodeset="/test-caractères">
                    <xf:bind id="bind_1" nodeset="nonLatin1_œ" required="true()" type="string"/>
            </xf:bind>
            <xf:submission action="file:///tmp/test.xml" id="submission_0" method="put" encoding="UTF-8" replace="none"/>
        </xf:model>
        <html:title>Test caractères</html:title>
    </html:head>
    <html:body>
        <xf:group id="group_0">
            <xf:label id="label_0">Test caractères</xf:label>
                <xf:input bind="bind_1" id="input_0">
                    <xf:label id="label_1">nonLatin1 œ</xf:label>
                    <xf:alert id="alert_0">Please provide a valid value for 'nonLatin1_œ'. 'nonLatin1_œ' is a required 'String' value.</xf:alert>
                </xf:input>
            </xf:group>
        <xf:submit id="submit_0" submission="submission_0">
            <xf:label id="label_2">Submit</xf:label>
        </xf:submit>
    </html:body>
</html:html>
